This is pdfTeX, Version 3.1415926-1.40.11 (TeX Live 2010) (format=pdflatex 2010.7.21)  19 APR 2011 19:03
entering extended mode
 restricted \write18 enabled.
 %&-line parsing enabled.
**figure_1
(./figure_1.tex
LaTeX2e <2009/09/24>
Babel <v3.8l> and hyphenation patterns for english, dumylang, nohyphenation, ge
rman-x-2009-06-19, ngerman-x-2009-06-19, ancientgreek, ibycus, arabic, armenian
, basque, bulgarian, catalan, pinyin, coptic, croatian, czech, danish, dutch, u
kenglish, usenglishmax, esperanto, estonian, farsi, finnish, french, galician, 
german, ngerman, swissgerman, monogreek, greek, hungarian, icelandic, assamese,
 bengali, gujarati, hindi, kannada, malayalam, marathi, oriya, panjabi, tamil, 
telugu, indonesian, interlingua, irish, italian, kurmanji, lao, latin, latvian,
 lithuanian, mongolian, mongolianlmc, bokmal, nynorsk, polish, portuguese, roma
nian, russian, sanskrit, serbian, slovak, slovenian, spanish, swedish, turkish,
 turkmen, ukrainian, uppersorbian, welsh, loaded.
(/usr/local/texlive/2010/../texmf-local/tex/latex/base/subfiles.cls
Document Class: subfiles 2002/06/08 Federico Garcia
(/usr/local/texlive/2010/texmf-dist/tex/latex/tools/verbatim.sty
Package: verbatim 2003/08/22 v1.5q LaTeX2e package for verbatim enhancements
\every@verbatim=\toks14
\verbatim@line=\toks15
\verbatim@in@stream=\read1
)
Preamble taken from file `../manuscript.tex'
(../manuscript.tex
(/usr/local/texlive/2010/texmf-dist/tex/latex/amscls/amsart.cls
Document Class: amsart 2009/07/02 v2.20.1
\linespacing=\dimen102
\normalparindent=\dimen103
\normaltopskip=\skip41
(/usr/local/texlive/2010/texmf-dist/tex/latex/amsmath/amsmath.sty
Package: amsmath 2000/07/18 v2.13 AMS math features
\@mathmargin=\skip42

For additional information on amsmath, use the `?' option.
(/usr/local/texlive/2010/texmf-dist/tex/latex/amsmath/amstext.sty
Package: amstext 2000/06/29 v2.01

(/usr/local/texlive/2010/texmf-dist/tex/latex/amsmath/amsgen.sty
File: amsgen.sty 1999/11/30 v2.0
\@emptytoks=\toks16
\ex@=\dimen104
))
(/usr/local/texlive/2010/texmf-dist/tex/latex/amsmath/amsbsy.sty
Package: amsbsy 1999/11/29 v1.2d
\pmbraise@=\dimen105
)
(/usr/local/texlive/2010/texmf-dist/tex/latex/amsmath/amsopn.sty
Package: amsopn 1999/12/14 v2.01 operator names
)
\inf@bad=\count79
LaTeX Info: Redefining \frac on input line 211.
\uproot@=\count80
\leftroot@=\count81
LaTeX Info: Redefining \overline on input line 307.
\classnum@=\count82
\DOTSCASE@=\count83
LaTeX Info: Redefining \ldots on input line 379.
LaTeX Info: Redefining \dots on input line 382.
LaTeX Info: Redefining \cdots on input line 467.
\Mathstrutbox@=\box26
\strutbox@=\box27
\big@size=\dimen106
LaTeX Font Info:    Redeclaring font encoding OML on input line 567.
LaTeX Font Info:    Redeclaring font encoding OMS on input line 568.
\macc@depth=\count84
\c@MaxMatrixCols=\count85
\dotsspace@=\muskip10
\c@parentequation=\count86
\dspbrk@lvl=\count87
\tag@help=\toks17
\row@=\count88
\column@=\count89
\maxfields@=\count90
\andhelp@=\toks18
\eqnshift@=\dimen107
\alignsep@=\dimen108
\tagshift@=\dimen109
\tagwidth@=\dimen110
\totwidth@=\dimen111
\lineht@=\dimen112
\@envbody=\toks19
\multlinegap=\skip43
\multlinetaggap=\skip44
\mathdisplay@stack=\toks20
LaTeX Info: Redefining \[ on input line 2666.
LaTeX Info: Redefining \] on input line 2667.
)
LaTeX Font Info:    Try loading font information for U+msa on input line 388.

(/usr/local/texlive/2010/texmf-dist/tex/latex/amsfonts/umsa.fd
File: umsa.fd 2009/06/22 v3.00 AMS symbols A
)
(/usr/local/texlive/2010/texmf-dist/tex/latex/amsfonts/amsfonts.sty
Package: amsfonts 2009/06/22 v3.00 Basic AMSFonts support
\symAMSa=\mathgroup4
\symAMSb=\mathgroup5
LaTeX Font Info:    Overwriting math alphabet `\mathfrak' in version `bold'
(Font)                  U/euf/m/n --> U/euf/b/n on input line 96.
)
\copyins=\insert233
\abstractbox=\box28
\listisep=\skip45
\c@part=\count91
\c@section=\count92
\c@subsection=\count93
\c@subsubsection=\count94
\c@paragraph=\count95
\c@subparagraph=\count96
\c@figure=\count97
\c@table=\count98
\abovecaptionskip=\skip46
\belowcaptionskip=\skip47
\captionindent=\dimen113
\thm@style=\toks21
\thm@bodyfont=\toks22
\thm@headfont=\toks23
\thm@notefont=\toks24
\thm@headpunct=\toks25
\thm@preskip=\skip48
\thm@postskip=\skip49
\thm@headsep=\skip50
\dth@everypar=\toks26
)
(/usr/local/texlive/2010/texmf-dist/tex/latex/natbib/natbib.sty
Package: natbib 2009/11/07 8.31a (PWD, AO)
\bibhang=\skip51
\bibsep=\skip52
LaTeX Info: Redefining \cite on input line 694.
\c@NAT@ctr=\count99
)
(/usr/local/texlive/2010/texmf-dist/tex/latex/hyperref/hyperref.sty
Package: hyperref 2010/06/18 v6.81g Hypertext links for LaTeX

(/usr/local/texlive/2010/texmf-dist/tex/generic/oberdiek/ltxcmds.sty
Package: ltxcmds 2010/04/26 v1.7 LaTeX kernel commands for general use (HO)
)
(/usr/local/texlive/2010/texmf-dist/tex/latex/graphics/keyval.sty
Package: keyval 1999/03/16 v1.13 key=value parser (DPC)
\KV@toks@=\toks27
)
(/usr/local/texlive/2010/texmf-dist/tex/generic/oberdiek/kvsetkeys.sty
Package: kvsetkeys 2010/03/01 v1.9 Key value parser (HO)

(/usr/local/texlive/2010/texmf-dist/tex/generic/oberdiek/infwarerr.sty
Package: infwarerr 2010/04/08 v1.3 Providing info/warning/message (HO)
)
(/usr/local/texlive/2010/texmf-dist/tex/generic/oberdiek/etexcmds.sty
Package: etexcmds 2010/01/28 v1.3 Prefix for e-TeX command names (HO)
Package etexcmds Info: Could not find \expanded.
(etexcmds)             That can mean that you are not using pdfTeX 1.50 or
(etexcmds)             that some package has redefined \expanded.
(etexcmds)             In the latter case, load this package earlier.
))
(/usr/local/texlive/2010/texmf-dist/tex/generic/oberdiek/pdfescape.sty
Package: pdfescape 2010/03/01 v1.9 Provides hex, PDF name and string conversion
s (HO)

(/usr/local/texlive/2010/texmf-dist/tex/generic/oberdiek/pdftexcmds.sty
Package: pdftexcmds 2010/04/01 v0.9 Utility functions of pdfTeX for LuaTeX (HO)


(/usr/local/texlive/2010/texmf-dist/tex/generic/oberdiek/ifluatex.sty
Package: ifluatex 2010/03/01 v1.3 Provides the ifluatex switch (HO)
Package ifluatex Info: LuaTeX not detected.
)
Package pdftexcmds Info: LuaTeX not detected.
Package pdftexcmds Info: \pdf@primitive is available.
Package pdftexcmds Info: \pdf@ifprimitive is available.
))
(/usr/local/texlive/2010/texmf-dist/tex/generic/oberdiek/ifpdf.sty
Package: ifpdf 2010/01/28 v2.1 Provides the ifpdf switch (HO)
Package ifpdf Info: pdfTeX in pdf mode detected.
)
(/usr/local/texlive/2010/texmf-dist/tex/generic/oberdiek/ifvtex.sty
Package: ifvtex 2010/03/01 v1.5 Switches for detecting VTeX and its modes (HO)
Package ifvtex Info: VTeX not detected.
)
(/usr/local/texlive/2010/texmf-dist/tex/generic/ifxetex/ifxetex.sty
Package: ifxetex 2009/01/23 v0.5 Provides ifxetex conditional
)
(/usr/local/texlive/2010/texmf-dist/tex/latex/oberdiek/hycolor.sty
Package: hycolor 2009/12/12 v1.6 Color options of hyperref/bookmark (HO)

(/usr/local/texlive/2010/texmf-dist/tex/latex/oberdiek/xcolor-patch.sty
Package: xcolor-patch 2009/12/12 xcolor patch
))
(/usr/local/texlive/2010/texmf-dist/tex/latex/oberdiek/letltxmacro.sty
Package: letltxmacro 2008/06/24 v1.3 Let assignment for LaTeX macros (HO)
)
\@linkdim=\dimen114
\Hy@linkcounter=\count100
\Hy@pagecounter=\count101

(/usr/local/texlive/2010/texmf-dist/tex/latex/hyperref/pd1enc.def
File: pd1enc.def 2010/06/18 v6.81g Hyperref: PDFDocEncoding definition (HO)
)
(/usr/local/texlive/2010/texmf-dist/tex/generic/oberdiek/intcalc.sty
Package: intcalc 2007/09/27 v1.1 Expandable integer calculations (HO)
)
(/usr/local/texlive/2010/texmf-dist/tex/latex/latexconfig/hyperref.cfg
File: hyperref.cfg 2002/06/06 v1.2 hyperref configuration of TeXLive
)
(/usr/local/texlive/2010/texmf-dist/tex/latex/oberdiek/kvoptions.sty
Package: kvoptions 2010/02/22 v3.7 Keyval support for LaTeX options (HO)
)
Package hyperref Info: Hyper figures OFF on input line 3658.
Package hyperref Info: Link nesting OFF on input line 3663.
Package hyperref Info: Hyper index ON on input line 3666.
Package hyperref Info: Plain pages OFF on input line 3673.
Package hyperref Info: Backreferencing OFF on input line 3678.

Implicit mode ON; LaTeX internals redefined
Package hyperref Info: Bookmarks ON on input line 3874.
(/usr/local/texlive/2010/texmf-dist/tex/latex/url/url.sty
\Urlmuskip=\muskip11
Package: url 2006/04/12  ver 3.3  Verb mode for urls, etc.
)
LaTeX Info: Redefining \url on input line 4159.

(/usr/local/texlive/2010/texmf-dist/tex/generic/oberdiek/bitset.sty
Package: bitset 2007/09/28 v1.0 Data type bit set (HO)

(/usr/local/texlive/2010/texmf-dist/tex/generic/oberdiek/bigintcalc.sty
Package: bigintcalc 2007/11/11 v1.1 Expandable big integer calculations (HO)
))
\Fld@menulength=\count102
\Field@Width=\dimen115
\Fld@charsize=\dimen116
\Field@toks=\toks28
Package hyperref Info: Hyper figures OFF on input line 5137.
Package hyperref Info: Link nesting OFF on input line 5142.
Package hyperref Info: Hyper index ON on input line 5145.
Package hyperref Info: backreferencing OFF on input line 5152.
Package hyperref Info: Link coloring OFF on input line 5157.
Package hyperref Info: Link coloring with OCG OFF on input line 5162.
Package hyperref Info: PDF/A mode OFF on input line 5167.
LaTeX Info: Redefining \ref on input line 5207.
LaTeX Info: Redefining \pageref on input line 5211.

(/usr/local/texlive/2010/texmf-dist/tex/generic/oberdiek/atbegshi.sty
Package: atbegshi 2010/03/25 v1.12 At begin shipout hook (HO)
)
\Hy@abspage=\count103
\c@Item=\count104
\c@Hfootnote=\count105
)
* hyperref using default driver hpdftex *
(/usr/local/texlive/2010/texmf-dist/tex/latex/hyperref/hpdftex.def
File: hpdftex.def 2010/06/18 v6.81g Hyperref driver for pdfTeX

(/usr/local/texlive/2010/texmf-dist/tex/latex/oberdiek/atveryend.sty
Package: atveryend 2010/03/24 v1.5 Hooks at very end of document (HO)
)
\Fld@listcount=\count106
\c@bookmark@seq@number=\count107

(/usr/local/texlive/2010/texmf-dist/tex/latex/oberdiek/rerunfilecheck.sty
Package: rerunfilecheck 2010/03/16 v1.6 Rerun checks for auxiliary files (HO)

(/usr/local/texlive/2010/texmf-dist/tex/generic/oberdiek/uniquecounter.sty
Package: uniquecounter 2009/12/18 v1.1 Provides unlimited unique counter (HO)
)
Package uniquecounter Info: New unique counter `rerunfilecheck' on input line 2
71.
)
\Hy@SectionHShift=\skip53
)
(/usr/local/texlive/2010/texmf-dist/tex/latex/geometry/geometry.sty
Package: geometry 2010/07/13 v5.5 Page Geometry
\Gm@cnth=\count108
\Gm@cntv=\count109
\c@Gm@tempcnt=\count110
\Gm@bindingoffset=\dimen117
\Gm@wd@mp=\dimen118
\Gm@odd@mp=\dimen119
\Gm@even@mp=\dimen120
\Gm@layoutwidth=\dimen121
\Gm@layoutheight=\dimen122
\Gm@layouthoffset=\dimen123
\Gm@layoutvoffset=\dimen124
\Gm@dimlist=\toks29
)
(/usr/local/texlive/2010/texmf-dist/tex/latex/ltxmisc/parskip.sty
Package: parskip 2001/04/09 non-zero parskip adjustments


LaTeX Warning: Command \@starttoc  has changed.
               Check if current package is valid.

) (/usr/local/texlive/2010/texmf-dist/tex/latex/graphics/graphicx.sty
Package: graphicx 1999/02/16 v1.0f Enhanced LaTeX Graphics (DPC,SPQR)

(/usr/local/texlive/2010/texmf-dist/tex/latex/graphics/graphics.sty
Package: graphics 2009/02/05 v1.0o Standard LaTeX Graphics (DPC,SPQR)

(/usr/local/texlive/2010/texmf-dist/tex/latex/graphics/trig.sty
Package: trig 1999/03/16 v1.09 sin cos tan (DPC)
)
(/usr/local/texlive/2010/texmf-dist/tex/latex/latexconfig/graphics.cfg
File: graphics.cfg 2010/04/23 v1.9 graphics configuration of TeX Live
)
Package graphics Info: Driver file: pdftex.def on input line 91.

(/usr/local/texlive/2010/texmf-dist/tex/latex/pdftex-def/pdftex.def
File: pdftex.def 2010/02/14 v0.04n Graphics/color for pdfTeX
\Gread@gobject=\count111
))
\Gin@req@height=\dimen125
\Gin@req@width=\dimen126
)
(/usr/local/texlive/2010/texmf-dist/tex/latex/amsfonts/amssymb.sty
Package: amssymb 2009/06/22 v3.00
)
(/usr/local/texlive/2010/texmf-dist/tex/latex/oberdiek/epstopdf.sty
Package: epstopdf 2010/02/09 v2.5 Conversion with epstopdf on the fly (HO)

(/usr/local/texlive/2010/texmf-dist/tex/latex/oberdiek/epstopdf-base.sty
Package: epstopdf-base 2010/02/09 v2.5 Base part for package epstopdf

(/usr/local/texlive/2010/texmf-dist/tex/latex/oberdiek/grfext.sty
Package: grfext 2007/09/30 v1.0 Managing graphics extensions (HO)
)
Package grfext Info: Graphics extension search list:
(grfext)             [.png,.pdf,.jpg,.mps,.jpeg,.jbig2,.jb2,.PNG,.PDF,.JPG,.JPE
G,.JBIG2,.JB2,.eps]
(grfext)             \AppendGraphicsExtensions on input line 436.

(/usr/local/texlive/2010/texmf-dist/tex/latex/latexconfig/epstopdf-sys.cfg
File: epstopdf-sys.cfg 2010/07/13 v1.3 Configuration of (r)epstopdf for TeX Liv
e
)))
(/usr/local/texlive/2010/texmf-dist/tex/latex/todonotes/todonotes.sty
Package: todonotes 2009/12/25 .dtx Todonotes source and documentation.
Package: todonotes 2009/04/02

(/usr/local/texlive/2010/texmf-dist/tex/latex/base/ifthen.sty
Package: ifthen 2001/05/26 v1.1c Standard LaTeX ifthen package (DPC)
)
(/usr/local/texlive/2010/texmf-dist/tex/latex/xkeyval/xkeyval.sty
Package: xkeyval 2008/08/13 v2.6a package option processing (HA)

(/usr/local/texlive/2010/texmf-dist/tex/generic/xkeyval/xkeyval.tex
\XKV@toks=\toks30
\XKV@tempa@toks=\toks31
\XKV@depth=\count112
File: xkeyval.tex 2008/08/13 v2.6a key=value parser (HA)
))
(/usr/local/texlive/2010/texmf-dist/tex/latex/xcolor/xcolor.sty
Package: xcolor 2007/01/21 v2.11 LaTeX color extensions (UK)

(/usr/local/texlive/2010/texmf-dist/tex/latex/latexconfig/color.cfg
File: color.cfg 2007/01/18 v1.5 color configuration of teTeX/TeXLive
)
Package xcolor Info: Driver file: pdftex.def on input line 225.
Package xcolor Info: Model `cmy' substituted by `cmy0' on input line 1337.
Package xcolor Info: Model `hsb' substituted by `rgb' on input line 1341.
Package xcolor Info: Model `RGB' extended on input line 1353.
Package xcolor Info: Model `HTML' substituted by `rgb' on input line 1355.
Package xcolor Info: Model `Hsb' substituted by `hsb' on input line 1356.
Package xcolor Info: Model `tHsb' substituted by `hsb' on input line 1357.
Package xcolor Info: Model `HSB' substituted by `hsb' on input line 1358.
Package xcolor Info: Model `Gray' substituted by `gray' on input line 1359.
Package xcolor Info: Model `wave' substituted by `hsb' on input line 1360.
)
(/usr/local/texlive/2010/texmf-dist/tex/latex/pgf/frontendlayer/tikz.sty
(/usr/local/texlive/2010/texmf-dist/tex/latex/pgf/basiclayer/pgf.sty
(/usr/local/texlive/2010/texmf-dist/tex/latex/pgf/utilities/pgfrcs.sty
(/usr/local/texlive/2010/texmf-dist/tex/generic/pgf/utilities/pgfutil-common.te
x
\pgfutil@everybye=\toks32
)
(/usr/local/texlive/2010/texmf-dist/tex/generic/pgf/utilities/pgfutil-latex.def
) (/usr/local/texlive/2010/texmf-dist/tex/generic/pgf/utilities/pgfrcs.code.tex
Package: pgfrcs 2008/02/20 v2.00 (rcs-revision 1.21)
))
Package: pgf 2008/01/15 v2.00 (rcs-revision 1.12)
 (/usr/local/texlive/2010/texmf-dist/tex/latex/pgf/basiclayer/pgfcore.sty
(/usr/local/texlive/2010/texmf-dist/tex/latex/pgf/systemlayer/pgfsys.sty
(/usr/local/texlive/2010/texmf-dist/tex/generic/pgf/systemlayer/pgfsys.code.tex
Package: pgfsys 2008/02/07 v2.00 (rcs-revision 1.31)
(/usr/local/texlive/2010/texmf-dist/tex/generic/pgf/utilities/pgfkeys.code.tex
\pgfkeys@pathtoks=\toks33
\pgfkeys@temptoks=\toks34
)
\pgf@x=\dimen127
\pgf@y=\dimen128
\pgf@xa=\dimen129
\pgf@ya=\dimen130
\pgf@xb=\dimen131
\pgf@yb=\dimen132
\pgf@xc=\dimen133
\pgf@yc=\dimen134
\c@pgf@counta=\count113
\c@pgf@countb=\count114
\c@pgf@countc=\count115
\c@pgf@countd=\count116
(/usr/local/texlive/2010/texmf-dist/tex/generic/pgf/systemlayer/pgf.cfg
File: pgf.cfg 2008/01/13  (rcs-revision 1.6)
)
Package pgfsys Info: Driver file for pgf: pgfsys-pdftex.def on input line 885.

(/usr/local/texlive/2010/texmf-dist/tex/generic/pgf/systemlayer/pgfsys-pdftex.d
ef
File: pgfsys-pdftex.def 2007/12/20  (rcs-revision 1.20)

(/usr/local/texlive/2010/texmf-dist/tex/generic/pgf/systemlayer/pgfsys-common-p
df.def
File: pgfsys-common-pdf.def 2007/12/17  (rcs-revision 1.8)
)))
(/usr/local/texlive/2010/texmf-dist/tex/generic/pgf/systemlayer/pgfsyssoftpath.
code.tex
File: pgfsyssoftpath.code.tex 2008/01/23  (rcs-revision 1.6)
\pgfsyssoftpath@smallbuffer@items=\count117
\pgfsyssoftpath@bigbuffer@items=\count118
)
(/usr/local/texlive/2010/texmf-dist/tex/generic/pgf/systemlayer/pgfsysprotocol.
code.tex
File: pgfsysprotocol.code.tex 2006/10/16  (rcs-revision 1.4)
))
(/usr/local/texlive/2010/texmf-dist/tex/generic/pgf/basiclayer/pgfcore.code.tex
Package: pgfcore 2008/01/15 v2.00 (rcs-revision 1.6)
(/usr/local/texlive/2010/texmf-dist/tex/generic/pgf/math/pgfmath.code.tex
(/usr/local/texlive/2010/texmf-dist/tex/generic/pgf/math/pgfmathcalc.code.tex
(/usr/local/texlive/2010/texmf-dist/tex/generic/pgf/math/pgfmathutil.code.tex
\pgfmath@box=\box29
)
(/usr/local/texlive/2010/texmf-dist/tex/generic/pgf/math/pgfmathparser.code.tex
\pgfmath@stack=\toks35
\c@pgfmath@parsecounta=\count119
\c@pgfmath@parsecountb=\count120
\c@pgfmath@parsecountc=\count121
\pgfmath@parsex=\dimen135
)
(/usr/local/texlive/2010/texmf-dist/tex/generic/pgf/math/pgfmathoperations.code
.tex
(/usr/local/texlive/2010/texmf-dist/tex/generic/pgf/math/pgfmathtrig.code.tex)
(/usr/local/texlive/2010/texmf-dist/tex/generic/pgf/math/pgfmathrnd.code.tex))
(/usr/local/texlive/2010/texmf-dist/tex/generic/pgf/math/pgfmathbase.code.tex))
)
(/usr/local/texlive/2010/texmf-dist/tex/generic/pgf/basiclayer/pgfcorepoints.co
de.tex
File: pgfcorepoints.code.tex 2008/02/03  (rcs-revision 1.13)
\pgf@picminx=\dimen136
\pgf@picmaxx=\dimen137
\pgf@picminy=\dimen138
\pgf@picmaxy=\dimen139
\pgf@pathminx=\dimen140
\pgf@pathmaxx=\dimen141
\pgf@pathminy=\dimen142
\pgf@pathmaxy=\dimen143
\pgf@xx=\dimen144
\pgf@xy=\dimen145
\pgf@yx=\dimen146
\pgf@yy=\dimen147
\pgf@zx=\dimen148
\pgf@zy=\dimen149
)
(/usr/local/texlive/2010/texmf-dist/tex/generic/pgf/basiclayer/pgfcorepathconst
ruct.code.tex
File: pgfcorepathconstruct.code.tex 2008/02/13  (rcs-revision 1.14)
\pgf@path@lastx=\dimen150
\pgf@path@lasty=\dimen151
)
(/usr/local/texlive/2010/texmf-dist/tex/generic/pgf/basiclayer/pgfcorepathusage
.code.tex
File: pgfcorepathusage.code.tex 2008/01/23  (rcs-revision 1.11)
\pgf@shorten@end@additional=\dimen152
\pgf@shorten@start@additional=\dimen153
)
(/usr/local/texlive/2010/texmf-dist/tex/generic/pgf/basiclayer/pgfcorescopes.co
de.tex
File: pgfcorescopes.code.tex 2008/01/15  (rcs-revision 1.26)
\pgfpic=\box30
\pgf@hbox=\box31
\pgf@layerbox@main=\box32
\pgf@picture@serial@count=\count122
)
(/usr/local/texlive/2010/texmf-dist/tex/generic/pgf/basiclayer/pgfcoregraphicst
ate.code.tex
File: pgfcoregraphicstate.code.tex 2007/12/12  (rcs-revision 1.8)
\pgflinewidth=\dimen154
)
(/usr/local/texlive/2010/texmf-dist/tex/generic/pgf/basiclayer/pgfcoretransform
ations.code.tex
File: pgfcoretransformations.code.tex 2008/02/04  (rcs-revision 1.10)
\pgf@pt@x=\dimen155
\pgf@pt@y=\dimen156
\pgf@pt@temp=\dimen157
)
(/usr/local/texlive/2010/texmf-dist/tex/generic/pgf/basiclayer/pgfcorequick.cod
e.tex
File: pgfcorequick.code.tex 2006/10/11  (rcs-revision 1.2)
)
(/usr/local/texlive/2010/texmf-dist/tex/generic/pgf/basiclayer/pgfcoreobjects.c
ode.tex
File: pgfcoreobjects.code.tex 2006/10/11  (rcs-revision 1.2)
)
(/usr/local/texlive/2010/texmf-dist/tex/generic/pgf/basiclayer/pgfcorepathproce
ssing.code.tex
File: pgfcorepathprocessing.code.tex 2008/01/23  (rcs-revision 1.7)
)
(/usr/local/texlive/2010/texmf-dist/tex/generic/pgf/basiclayer/pgfcorearrows.co
de.tex
File: pgfcorearrows.code.tex 2007/06/07  (rcs-revision 1.8)
)
(/usr/local/texlive/2010/texmf-dist/tex/generic/pgf/basiclayer/pgfcoreshade.cod
e.tex
File: pgfcoreshade.code.tex 2007/12/10  (rcs-revision 1.9)
\pgf@max=\dimen158
\pgf@sys@shading@range@num=\count123
)
(/usr/local/texlive/2010/texmf-dist/tex/generic/pgf/basiclayer/pgfcoreimage.cod
e.tex
File: pgfcoreimage.code.tex 2008/01/15  (rcs-revision 1.1)
\pgfexternal@startupbox=\box33
)
(/usr/local/texlive/2010/texmf-dist/tex/generic/pgf/basiclayer/pgfcorelayers.co
de.tex
File: pgfcorelayers.code.tex 2008/01/15  (rcs-revision 1.1)
)
(/usr/local/texlive/2010/texmf-dist/tex/generic/pgf/basiclayer/pgfcoretranspare
ncy.code.tex
File: pgfcoretransparency.code.tex 2008/01/17  (rcs-revision 1.2)
)
(/usr/local/texlive/2010/texmf-dist/tex/generic/pgf/basiclayer/pgfcorepatterns.
code.tex
File: pgfcorepatterns.code.tex 2008/01/15  (rcs-revision 1.1)
)))
(/usr/local/texlive/2010/texmf-dist/tex/generic/pgf/modules/pgfmoduleshapes.cod
e.tex
File: pgfmoduleshapes.code.tex 2008/02/13  (rcs-revision 1.4)
\pgfnodeparttextbox=\box34
\toks@savedmacro=\toks36
)
(/usr/local/texlive/2010/texmf-dist/tex/generic/pgf/modules/pgfmoduleplot.code.
tex
File: pgfmoduleplot.code.tex 2008/01/15  (rcs-revision 1.1)
\pgf@plotwrite=\write3
)
(/usr/local/texlive/2010/texmf-dist/tex/latex/pgf/compatibility/pgfcomp-version
-0-65.sty
Package: pgfcomp-version-0-65 2007/07/03 v2.00 (rcs-revision 1.7)
\pgf@nodesepstart=\dimen159
\pgf@nodesepend=\dimen160
)
(/usr/local/texlive/2010/texmf-dist/tex/latex/pgf/compatibility/pgfcomp-version
-1-18.sty
Package: pgfcomp-version-1-18 2007/07/23 v2.00 (rcs-revision 1.1)
))
(/usr/local/texlive/2010/texmf-dist/tex/latex/pgf/utilities/pgffor.sty
(/usr/local/texlive/2010/texmf-dist/tex/generic/pgf/utilities/pgffor.code.tex
Package: pgffor 2007/11/07 v2.00 (rcs-revision 1.8)
\pgffor@iter=\dimen161
\pgffor@skip=\dimen162
))
(/usr/local/texlive/2010/texmf-dist/tex/generic/pgf/frontendlayer/tikz/tikz.cod
e.tex
Package: tikz 2008/02/13 v2.00 (rcs-revision 1.27)

(/usr/local/texlive/2010/texmf-dist/tex/generic/pgf/libraries/pgflibraryplothan
dlers.code.tex
File: pgflibraryplothandlers.code.tex 2007/03/09 v2.00 (rcs-revision 1.9)
\pgf@plot@mark@count=\count124
\pgfplotmarksize=\dimen163
)
\tikz@lastx=\dimen164
\tikz@lasty=\dimen165
\tikz@lastxsaved=\dimen166
\tikz@lastysaved=\dimen167
\tikzleveldistance=\dimen168
\tikzsiblingdistance=\dimen169
\tikz@figbox=\box35
\tikz@tempbox=\box36
\tikztreelevel=\count125
\tikznumberofchildren=\count126
\tikznumberofcurrentchild=\count127
\tikz@fig@count=\count128

(/usr/local/texlive/2010/texmf-dist/tex/generic/pgf/modules/pgfmodulematrix.cod
e.tex
File: pgfmodulematrix.code.tex 2008/01/15  (rcs-revision 1.1)
\pgfmatrixcurrentrow=\count129
\pgfmatrixcurrentcolumn=\count130
\pgf@matrix@numberofcolumns=\count131
)
\tikz@expandcount=\count132

(/usr/local/texlive/2010/texmf-dist/tex/generic/pgf/frontendlayer/tikz/librarie
s/tikzlibrarytopaths.code.tex
File: tikzlibrarytopaths.code.tex 2008/01/09 v2.00 (rcs-revision 1.1)
)))
(/usr/local/texlive/2010/texmf-dist/tex/latex/tools/calc.sty
Package: calc 2007/08/22 v4.3 Infix arithmetic (KKT,FJ)
\calc@Acount=\count133
\calc@Bcount=\count134
\calc@Adimen=\dimen170
\calc@Bdimen=\dimen171
\calc@Askip=\skip54
\calc@Bskip=\skip55
LaTeX Info: Redefining \setlength on input line 76.
LaTeX Info: Redefining \addtolength on input line 77.
\calc@Ccount=\count135
\calc@Cskip=\skip56
)
\c@@todonotes@numberoftodonotes=\count136
)
(/usr/local/texlive/2010/texmf-dist/tex/latex/caption/caption.sty
Package: caption 2010/01/09 v3.1m Customizing captions (AR)

(/usr/local/texlive/2010/texmf-dist/tex/latex/caption/caption3.sty
Package: caption3 2010/01/14 v3.1m caption3 kernel (AR)
\captionmargin=\dimen172
\captionmargin@=\dimen173
\captionwidth=\dimen174
\caption@indent=\dimen175
\caption@parindent=\dimen176
\caption@hangindent=\dimen177
)
Package caption Info: AMS or SMF document class.
\c@ContinuedFloat=\count137
Package caption Info: hyperref package is loaded.
)
(/usr/local/texlive/2010/texmf-dist/tex/latex/caption/subcaption.sty
Package: subcaption 2008/08/31 v1.0b Adding subcaptions (AR)
\c@subfigure=\count138
\c@subtable=\count139
)
(/usr/local/texlive/2010/../texmf-local/tex/latex/subfiles/subfiles.sty
Package: subfiles 2002/06/08 Federico Garcia
)))
(/Users/peter/Library/texmf/tex/latex/R/tex/latex/Sweave.sty
Package: Sweave 

(/usr/local/texlive/2010/texmf-dist/tex/latex/fancyvrb/fancyvrb.sty
Package: fancyvrb 2008/02/07

Style option: `fancyvrb' v2.7a, with DG/SPQR fixes, and firstline=lastline fix 
<2008/02/07> (tvz)
\FV@CodeLineNo=\count140
\FV@InFile=\read2
\FV@TabBox=\box37
\c@FancyVerbLine=\count141
\FV@StepNumber=\count142
\FV@OutFile=\write4
)
(/Users/peter/Library/texmf/tex/latex/R/tex/latex/upquote.sty
Package: upquote 2003/08/11 v1.1 Covington's upright-quote modification to verb
atim and verb

(/usr/local/texlive/2010/texmf-dist/tex/latex/base/textcomp.sty
Package: textcomp 2005/09/27 v1.99g Standard LaTeX package
Package textcomp Info: Sub-encoding information:
(textcomp)               5 = only ISO-Adobe without \textcurrency
(textcomp)               4 = 5 + \texteuro
(textcomp)               3 = 4 + \textohm
(textcomp)               2 = 3 + \textestimated + \textcurrency
(textcomp)               1 = TS1 - \textcircled - \t
(textcomp)               0 = TS1 (full)
(textcomp)             Font families with sub-encoding setting implement
(textcomp)             only a restricted character set as indicated.
(textcomp)             Family '?' is the default used for unknown fonts.
(textcomp)             See the documentation for details.
Package textcomp Info: Setting ? sub-encoding to TS1/1 on input line 71.

(/usr/local/texlive/2010/texmf-dist/tex/latex/base/ts1enc.def
File: ts1enc.def 2001/06/05 v3.0e (jk/car/fm) Standard LaTeX file
)
LaTeX Info: Redefining \oldstylenums on input line 266.
Package textcomp Info: Setting cmr sub-encoding to TS1/0 on input line 281.
Package textcomp Info: Setting cmss sub-encoding to TS1/0 on input line 282.
Package textcomp Info: Setting cmtt sub-encoding to TS1/0 on input line 283.
Package textcomp Info: Setting cmvtt sub-encoding to TS1/0 on input line 284.
Package textcomp Info: Setting cmbr sub-encoding to TS1/0 on input line 285.
Package textcomp Info: Setting cmtl sub-encoding to TS1/0 on input line 286.
Package textcomp Info: Setting ccr sub-encoding to TS1/0 on input line 287.
Package textcomp Info: Setting ptm sub-encoding to TS1/4 on input line 288.
Package textcomp Info: Setting pcr sub-encoding to TS1/4 on input line 289.
Package textcomp Info: Setting phv sub-encoding to TS1/4 on input line 290.
Package textcomp Info: Setting ppl sub-encoding to TS1/3 on input line 291.
Package textcomp Info: Setting pag sub-encoding to TS1/4 on input line 292.
Package textcomp Info: Setting pbk sub-encoding to TS1/4 on input line 293.
Package textcomp Info: Setting pnc sub-encoding to TS1/4 on input line 294.
Package textcomp Info: Setting pzc sub-encoding to TS1/4 on input line 295.
Package textcomp Info: Setting bch sub-encoding to TS1/4 on input line 296.
Package textcomp Info: Setting put sub-encoding to TS1/5 on input line 297.
Package textcomp Info: Setting uag sub-encoding to TS1/5 on input line 298.
Package textcomp Info: Setting ugq sub-encoding to TS1/5 on input line 299.
Package textcomp Info: Setting ul8 sub-encoding to TS1/4 on input line 300.
Package textcomp Info: Setting ul9 sub-encoding to TS1/4 on input line 301.
Package textcomp Info: Setting augie sub-encoding to TS1/5 on input line 302.
Package textcomp Info: Setting dayrom sub-encoding to TS1/3 on input line 303.
Package textcomp Info: Setting dayroms sub-encoding to TS1/3 on input line 304.

Package textcomp Info: Setting pxr sub-encoding to TS1/0 on input line 305.
Package textcomp Info: Setting pxss sub-encoding to TS1/0 on input line 306.
Package textcomp Info: Setting pxtt sub-encoding to TS1/0 on input line 307.
Package textcomp Info: Setting txr sub-encoding to TS1/0 on input line 308.
Package textcomp Info: Setting txss sub-encoding to TS1/0 on input line 309.
Package textcomp Info: Setting txtt sub-encoding to TS1/0 on input line 310.
Package textcomp Info: Setting futs sub-encoding to TS1/4 on input line 311.
Package textcomp Info: Setting futx sub-encoding to TS1/4 on input line 312.
Package textcomp Info: Setting futj sub-encoding to TS1/4 on input line 313.
Package textcomp Info: Setting hlh sub-encoding to TS1/3 on input line 314.
Package textcomp Info: Setting hls sub-encoding to TS1/3 on input line 315.
Package textcomp Info: Setting hlst sub-encoding to TS1/3 on input line 316.
Package textcomp Info: Setting hlct sub-encoding to TS1/5 on input line 317.
Package textcomp Info: Setting hlx sub-encoding to TS1/5 on input line 318.
Package textcomp Info: Setting hlce sub-encoding to TS1/5 on input line 319.
Package textcomp Info: Setting hlcn sub-encoding to TS1/5 on input line 320.
Package textcomp Info: Setting hlcw sub-encoding to TS1/5 on input line 321.
Package textcomp Info: Setting hlcf sub-encoding to TS1/5 on input line 322.
Package textcomp Info: Setting pplx sub-encoding to TS1/3 on input line 323.
Package textcomp Info: Setting pplj sub-encoding to TS1/3 on input line 324.
Package textcomp Info: Setting ptmx sub-encoding to TS1/4 on input line 325.
Package textcomp Info: Setting ptmj sub-encoding to TS1/4 on input line 326.
))
(/usr/local/texlive/2010/texmf-dist/tex/latex/base/fontenc.sty
Package: fontenc 2005/09/27 v1.99g Standard LaTeX package

(/usr/local/texlive/2010/texmf-dist/tex/latex/base/t1enc.def
File: t1enc.def 2005/09/27 v1.99g Standard LaTeX file
LaTeX Font Info:    Redeclaring font encoding T1 on input line 43.
))
(/usr/local/texlive/2010/texmf-dist/tex/latex/ae/ae.sty
Package: ae 2001/02/12 1.3 Almost European Computer Modern

(/usr/local/texlive/2010/texmf-dist/tex/latex/base/fontenc.sty
Package: fontenc 2005/09/27 v1.99g Standard LaTeX package

(/usr/local/texlive/2010/texmf-dist/tex/latex/base/t1enc.def
File: t1enc.def 2005/09/27 v1.99g Standard LaTeX file
LaTeX Font Info:    Redeclaring font encoding T1 on input line 43.
)
LaTeX Font Info:    Try loading font information for T1+aer on input line 100.

(/usr/local/texlive/2010/texmf-dist/tex/latex/ae/t1aer.fd
File: t1aer.fd 1997/11/16 Font definitions for T1/aer.
)))) (./figure_1.aux)
\openout1 = `figure_1.aux'.

LaTeX Font Info:    Checking defaults for OML/cmm/m/it on input line 5.
LaTeX Font Info:    ... okay on input line 5.
LaTeX Font Info:    Checking defaults for T1/cmr/m/n on input line 5.
LaTeX Font Info:    ... okay on input line 5.
LaTeX Font Info:    Checking defaults for OT1/cmr/m/n on input line 5.
LaTeX Font Info:    ... okay on input line 5.
LaTeX Font Info:    Checking defaults for OMS/cmsy/m/n on input line 5.
LaTeX Font Info:    ... okay on input line 5.
LaTeX Font Info:    Checking defaults for OMX/cmex/m/n on input line 5.
LaTeX Font Info:    ... okay on input line 5.
LaTeX Font Info:    Checking defaults for U/cmr/m/n on input line 5.
LaTeX Font Info:    ... okay on input line 5.
LaTeX Font Info:    Checking defaults for PD1/pdf/m/n on input line 5.
LaTeX Font Info:    ... okay on input line 5.
LaTeX Font Info:    Checking defaults for TS1/cmr/m/n on input line 5.
LaTeX Font Info:    Try loading font information for TS1+cmr on input line 5.

(/usr/local/texlive/2010/texmf-dist/tex/latex/base/ts1cmr.fd
File: ts1cmr.fd 1999/05/25 v2.5h Standard LaTeX font definitions
)
LaTeX Font Info:    ... okay on input line 5.
LaTeX Font Info:    Try loading font information for U+msa on input line 5.

(/usr/local/texlive/2010/texmf-dist/tex/latex/amsfonts/umsa.fd
File: umsa.fd 2009/06/22 v3.00 AMS symbols A
)
LaTeX Font Info:    Try loading font information for U+msb on input line 5.

(/usr/local/texlive/2010/texmf-dist/tex/latex/amsfonts/umsb.fd
File: umsb.fd 2009/06/22 v3.00 AMS symbols B
)
\AtBeginShipoutBox=\box38
Package hyperref Info: Link coloring OFF on input line 5.

(/usr/local/texlive/2010/texmf-dist/tex/latex/hyperref/nameref.sty
Package: nameref 2010/04/30 v2.40 Cross-referencing by name of section

(/usr/local/texlive/2010/texmf-dist/tex/latex/oberdiek/refcount.sty
Package: refcount 2008/08/11 v3.1 Data extraction from references (HO)
)
(/usr/local/texlive/2010/texmf-dist/tex/generic/oberdiek/gettitlestring.sty
Package: gettitlestring 2009/12/18 v1.3 Cleanup title references (HO)
)
\c@section@level=\count143
)
LaTeX Info: Redefining \ref on input line 5.
LaTeX Info: Redefining \pageref on input line 5.
LaTeX Info: Redefining \nameref on input line 5.

(./figure_1.out) (./figure_1.out)
\@outlinefile=\write5
\openout5 = `figure_1.out'.


*geometry* driver: auto-detecting
*geometry* detected driver: pdftex
*geometry* verbose mode - [ preamble ] result:
* driver: pdftex
* paper: letterpaper
* layout: <same size as paper>
* layoutoffset:(h,v)=(0.0pt,0.0pt)
* modes: twoside 
* h-part:(L,W,R)=(73.71613pt, 430.00462pt, 110.57425pt)
* v-part:(T,H,B)=(95.39737pt, 556.47656pt, 143.09605pt)
* \paperwidth=614.295pt
* \paperheight=794.96999pt
* \textwidth=430.00462pt
* \textheight=556.47656pt
* \oddsidemargin=1.44614pt
* \evensidemargin=38.30426pt
* \topmargin=1.12738pt
* \headheight=8.0pt
* \headsep=14.0pt
* \topskip=10.0pt
* \footskip=12.0pt
* \marginparwidth=90.0pt
* \marginparsep=11.0pt
* \columnsep=10.0pt
* \skip\footins=7.0pt plus 11.0pt
* \hoffset=0.0pt
* \voffset=0.0pt
* \mag=1000
* \@twocolumnfalse
* \@twosidetrue
* \@mparswitchtrue
* \@reversemarginfalse
* (1in=72.27pt=25.4mm, 1cm=28.453pt)

(/usr/local/texlive/2010/texmf-dist/tex/context/base/supp-pdf.mkii
[Loading MPS to PDF converter (version 2006.09.02).]
\scratchcounter=\count144
\scratchdimen=\dimen178
\scratchbox=\box39
\nofMPsegments=\count145
\nofMParguments=\count146
\everyMPshowfont=\toks37
\MPscratchCnt=\count147
\MPscratchDim=\dimen179
\MPnumerator=\count148
\everyMPtoPDFconversion=\toks38
)
Package caption Info: Begin \AtBeginDocument code.
Package caption Info: End \AtBeginDocument code.
 <A.pdf, id=23, 271.0125pt x 263.98625pt>
File: A.pdf Graphic file (type pdf)
 <use A.pdf>
<c.pdf, id=24, 289.08pt x 578.16pt>
File: c.pdf Graphic file (type pdf)
 <use c.pdf>
<B.pdf, id=25, 226.8475pt x 255.95625pt>
File: B.pdf Graphic file (type pdf)
 <use B.pdf>
<d.pdf, id=26, 578.16pt x 578.16pt>
File: d.pdf Graphic file (type pdf)
 <use d.pdf>

LaTeX Warning: Float too large for page by 81.18343pt on input line 46.

Package hyperref Info: bookmark level for unknown todo defaults to 0 on input l
ine 48.

LaTeX Warning: Marginpar on page 1 moved.


LaTeX Warning: Marginpar on page 1 moved.


LaTeX Warning: Marginpar on page 1 moved.


LaTeX Warning: Marginpar on page 1 moved.


LaTeX Warning: Marginpar on page 1 moved.


LaTeX Warning: Marginpar on page 1 moved.


LaTeX Warning: Marginpar on page 1 moved.

(./figure_1.bbl)
Package atveryend Info: Empty hook `BeforeClearDocument' on input line 62.
 [1{/usr/local/texlive/2010/texmf-var/fonts/map/pdftex/updmap/pdftex.map}] [2 <
./A.pdf> <./c.pdf> <./B.pdf> <./d.pdf>]
Package atveryend Info: Empty hook `AfterLastShipout' on input line 62.
 (./figure_1.aux)
Package atveryend Info: Executing hook `AtVeryEndDocument' on input line 62.
Package rerunfilecheck Info: File `figure_1.out' has not changed.
(rerunfilecheck)             Checksum: 96DDA90E5DD67AF0C607DCDB544BC4AD;262.
 ) 
Here is how much of TeX's memory you used:
 15726 strings out of 493747
 258534 string characters out of 3143546
 366874 words of memory out of 3000000
 18469 multiletter control sequences out of 15000+200000
 28740 words of font info for 65 fonts, out of 3000000 for 9000
 875 hyphenation exceptions out of 8191
 63i,9n,94p,1490b,642s stack positions out of 5000i,500n,10000p,200000b,50000s
</usr/local/texlive/2010/texmf-dist/fonts/type1/public/amsfonts/cm/cmbx10.pfb
></usr/local/texlive/2010/texmf-dist/fonts/type1/public/amsfonts/cm/cmcsc10.pfb
></usr/local/texlive/2010/texmf-dist/fonts/type1/public/amsfonts/cm/cmmi10.pfb>
</usr/local/texlive/2010/texmf-dist/fonts/type1/public/amsfonts/cm/cmr10.pfb></
usr/local/texlive/2010/texmf-dist/fonts/type1/public/amsfonts/cm/cmr8.pfb></usr
/local/texlive/2010/texmf-dist/fonts/type1/public/amsfonts/cm/cmti10.pfb>
Output written on figure_1.pdf (2 pages, 194076 bytes).
PDF statistics:
 118 PDF objects out of 1000 (max. 8388607)
 92 compressed objects within 1 object stream
 16 named destinations out of 1000 (max. 500000)
 65 words of extra memory for PDF output out of 10000 (max. 10000000)

